2020-09-30 18:24:12,534 INFO  [log] 
2020-09-30 18:24:12,689 INFO  [log] 
2020-09-30 18:24:12,697 INFO  [log] 
2020-09-30 18:24:57,091 INFO  [log] 
2020-09-30 18:24:57,093 INFO  [log] 
2020-09-30 18:24:57,096 INFO  [log] 
2020-09-30 18:24:57,100 INFO  [log] <env:Envelope xmlns:env="http://www.w3.org/2003/05/soap-envelope">
   <env:Body>
      <env:Fault>
         <env:Code>
            <env:Value>env:Sender</env:Value>
         </env:Code>
         <env:Reason>
            <env:Text xml:lang="en">A customer with the same email address already exists in an associated website.</env:Text>
         </env:Reason>
      </env:Fault>
   </env:Body>
</env:Envelope>
2020-09-30 18:24:57,148 INFO  [log] saveCustomerId null
2020-09-30 18:24:58,470 INFO  [log] <env:Envelope xmlns:env="http://www.w3.org/2003/05/soap-envelope" xmlns:m="http%3A%2F%2Fsoap.upskills.in%2Fsoap%2Fdefault%3Fservices%3DcustomerCustomerRepositoryV1%26wsdl%3D1">
   <env:Body>
      <env:Fault>
         <env:Code>
            <env:Value>env:Sender</env:Value>
         </env:Code>
         <env:Reason>
            <env:Text xml:lang="en">"%fieldName" is required. Enter and try again.</env:Text>
         </env:Reason>
         <env:Detail>
            <m:GenericFault>
               <m:Parameters>
                  <m:GenericFaultParameter>
                     <m:key>fieldName</m:key>
                     <m:value>customerId</m:value>
                  </m:GenericFaultParameter>
               </m:Parameters>
            </m:GenericFault>
         </env:Detail>
      </env:Fault>
   </env:Body>
</env:Envelope>
2020-09-30 18:24:58,501 INFO  [log] getCustomerId null
2020-09-30 18:24:59,131 INFO  [log] <env:Envelope xmlns:env="http://www.w3.org/2003/05/soap-envelope" xmlns:m="http%3A%2F%2Fsoap.upskills.in%2Fsoap%2Fdefault%3Fservices%3DcustomerCustomerRepositoryV1%26wsdl%3D1">
   <env:Body>
      <env:Fault>
         <env:Code>
            <env:Value>env:Sender</env:Value>
         </env:Code>
         <env:Reason>
            <env:Text xml:lang="en">"%fieldName" is required. Enter and try again.</env:Text>
         </env:Reason>
         <env:Detail>
            <m:GenericFault>
               <m:Parameters>
                  <m:GenericFaultParameter>
                     <m:key>fieldName</m:key>
                     <m:value>customerId</m:value>
                  </m:GenericFaultParameter>
               </m:Parameters>
            </m:GenericFault>
         </env:Detail>
      </env:Fault>
   </env:Body>
</env:Envelope>
2020-09-30 18:24:59,177 INFO  [log] deleteCustomerId null
2020-09-30 18:24:59,270 INFO  [log] Properties : OK
2020-09-30 18:24:59,303 INFO  [log] Groovy Script : OK
2020-09-30 18:25:20,264 INFO  [log] 168
